<?xml version="1.0" encoding="UTF-8"?>
<!-- Generated by org.testng.reporters.JUnitXMLReporter -->
<testsuite ignored="0" hostname="DESKTOP-38DB4EH" failures="2" tests="7" name="BankingApp Test" time="697.657" errors="0" timestamp="2023-12-02T16:15:23 IST">
  <testcase classname="com.guruBanking.testcases.TC_LoginTest_001" name="loginTest" time="18.576"/>
  <testcase classname="com.guruBanking.testcases.TC_LogingDDT_002" name="loginDDT" time="152.533"/>
  <testcase classname="com.guruBanking.testcases.TC_LogingDDT_002" name="loginDDT" time="46.827"/>
  <testcase classname="com.guruBanking.testcases.TC_LogingDDT_002" name="loginDDT" time="31.032">
    <failure type="java.lang.AssertionError" message="expected [true] but found [false]">
      <![CDATA[java.lang.AssertionError: expected [true] but found [false]
at com.guruBanking.testcases.TC_LogingDDT_002.loginDDT(TC_LogingDDT_002.java:28)
at java.base/java.util.ArrayList.forEach(ArrayList.java:1511)
... Removed 31 stack frames]]>
    </failure>
  </testcase> <!-- loginDDT -->
  <testcase classname="com.guruBanking.testcases.TC_LogingDDT_002" name="loginDDT" time="10.263">
    <failure type="java.lang.AssertionError" message="expected [true] but found [false]">
      <![CDATA[java.lang.AssertionError: expected [true] but found [false]
at com.guruBanking.testcases.TC_LogingDDT_002.loginDDT(TC_LogingDDT_002.java:28)
at java.base/java.util.ArrayList.forEach(ArrayList.java:1511)
... Removed 31 stack frames]]>
    </failure>
  </testcase> <!-- loginDDT -->
  <testcase classname="com.guruBanking.testcases.TC_LogingDDT_002" name="loginDDT" time="103.836"/>
  <testcase classname="com.guruBanking.testcases.TC_AddCustomerTest_003" name="addNewCustomer" time="56.621"/>
</testsuite> <!-- BankingApp Test -->
