<?xml version="1.0" encoding="UTF-8"?>
<testng-results ignored="0" total="7" passed="5" failed="2" skipped="0">
  <reporter-output>
  </reporter-output>
  <suite started-at="2023-12-02T16:03:44 IST" name="GuruBankV1" finished-at="2023-12-02T16:15:22 IST" duration-ms="697657">
    <groups>
    </groups>
    <test started-at="2023-12-02T16:03:44 IST" name="BankingApp Test" finished-at="2023-12-02T16:15:22 IST" duration-ms="697657">
      <class name="com.guruBanking.testcases.TC_AddCustomerTest_003">
        <test-method is-config="true" signature="setup(java.lang.String)[pri:0, instance:com.guruBanking.testcases.TC_AddCustomerTest_003@650eab8]" started-at="2023-12-02T16:13:46 IST" name="setup" finished-at="2023-12-02T16:14:24 IST" duration-ms="37708" status="PASS">
          <params>
            <param index="0">
              <value>
                <![CDATA[chrome]]>
              </value>
            </param>
          </params>
          <reporter-output>
          </reporter-output>
        </test-method> <!-- setup -->
        <test-method signature="addNewCustomer()[pri:0, instance:com.guruBanking.testcases.TC_AddCustomerTest_003@650eab8]" started-at="2023-12-02T16:14:24 IST" name="addNewCustomer" finished-at="2023-12-02T16:15:20 IST" duration-ms="56621" status="PASS">
          <reporter-output>
          </reporter-output>
        </test-method> <!-- addNewCustomer -->
        <test-method is-config="true" signature="teardown()[pri:0, instance:com.guruBanking.testcases.TC_AddCustomerTest_003@650eab8]" started-at="2023-12-02T16:15:20 IST" name="teardown" finished-at="2023-12-02T16:15:22 IST" duration-ms="1295" status="PASS">
          <reporter-output>
          </reporter-output>
        </test-method> <!-- teardown -->
      </class> <!-- com.guruBanking.testcases.TC_AddCustomerTest_003 -->
      <class name="com.guruBanking.testcases.TC_LogingDDT_002">
        <test-method is-config="true" signature="setup(java.lang.String)[pri:0, instance:com.guruBanking.testcases.TC_LogingDDT_002@2bef51f2]" started-at="2023-12-02T16:05:19 IST" name="setup" finished-at="2023-12-02T16:07:55 IST" duration-ms="156058" status="PASS">
          <params>
            <param index="0">
              <value>
                <![CDATA[chrome]]>
              </value>
            </param>
          </params>
          <reporter-output>
          </reporter-output>
        </test-method> <!-- setup -->
        <test-method signature="loginDDT(java.lang.String,java.lang.String)[pri:0, instance:com.guruBanking.testcases.TC_LogingDDT_002@2bef51f2]" started-at="2023-12-02T16:08:00 IST" name="loginDDT" data-provider="loginData" finished-at="2023-12-02T16:10:32 IST" duration-ms="152533" status="PASS">
          <params>
            <param index="0">
              <value>
                <![CDATA[mngr540843]]>
              </value>
            </param>
            <param index="1">
              <value>
                <![CDATA[EpYjEta]]>
              </value>
            </param>
          </params>
          <reporter-output>
          </reporter-output>
        </test-method> <!-- loginDDT -->
        <test-method signature="loginDDT(java.lang.String,java.lang.String)[pri:0, instance:com.guruBanking.testcases.TC_LogingDDT_002@2bef51f2]" started-at="2023-12-02T16:10:32 IST" name="loginDDT" data-provider="loginData" finished-at="2023-12-02T16:11:19 IST" duration-ms="46827" status="PASS">
          <params>
            <param index="0">
              <value>
                <![CDATA[mngr540843]]>
              </value>
            </param>
            <param index="1">
              <value>
                <![CDATA[EpYjEta]]>
              </value>
            </param>
          </params>
          <reporter-output>
          </reporter-output>
        </test-method> <!-- loginDDT -->
        <test-method signature="loginDDT(java.lang.String,java.lang.String)[pri:0, instance:com.guruBanking.testcases.TC_LogingDDT_002@2bef51f2]" started-at="2023-12-02T16:11:19 IST" name="loginDDT" data-provider="loginData" finished-at="2023-12-02T16:11:50 IST" duration-ms="31032" status="FAIL">
          <params>
            <param index="0">
              <value>
                <![CDATA[mngr540843]]>
              </value>
            </param>
            <param index="1">
              <value>
                <![CDATA[EpY23ta]]>
              </value>
            </param>
          </params>
          <exception class="java.lang.AssertionError">
            <message>
              <![CDATA[expected [true] but found [false]]]>
            </message>
            <full-stacktrace>
              <![CDATA[java.lang.AssertionError: expected [true] but found [false]
at org.testng.Assert.fail(Assert.java:111)
at org.testng.Assert.failNotEquals(Assert.java:1578)
at org.testng.Assert.assertTrue(Assert.java:57)
at org.testng.Assert.assertTrue(Assert.java:67)
at com.guruBanking.testcases.TC_LogingDDT_002.loginDDT(TC_LogingDDT_002.java:28)
at java.base/jdk.internal.reflect.NativeMethodAccessorImpl.invoke0(Native Method)
at java.base/jdk.internal.reflect.NativeMethodAccessorImpl.invoke(NativeMethodAccessorImpl.java:77)
at java.base/jdk.internal.reflect.DelegatingMethodAccessorImpl.invoke(DelegatingMethodAccessorImpl.java:43)
at java.base/java.lang.reflect.Method.invoke(Method.java:568)
at org.testng.internal.invokers.MethodInvocationHelper.invokeMethod(MethodInvocationHelper.java:139)
at org.testng.internal.invokers.TestInvoker.invokeMethod(TestInvoker.java:664)
at org.testng.internal.invokers.TestInvoker.invokeTestMethod(TestInvoker.java:227)
at org.testng.internal.invokers.MethodRunner.runInSequence(MethodRunner.java:50)
at org.testng.internal.invokers.TestInvoker$MethodInvocationAgent.invoke(TestInvoker.java:957)
at org.testng.internal.invokers.TestInvoker.invokeTestMethods(TestInvoker.java:200)
at org.testng.internal.invokers.TestMethodWorker.invokeTestMethods(TestMethodWorker.java:148)
at org.testng.internal.invokers.TestMethodWorker.run(TestMethodWorker.java:128)
at java.base/java.util.ArrayList.forEach(ArrayList.java:1511)
at org.testng.TestRunner.privateRun(TestRunner.java:848)
at org.testng.TestRunner.run(TestRunner.java:621)
at org.testng.SuiteRunner.runTest(SuiteRunner.java:443)
at org.testng.SuiteRunner.runSequentially(SuiteRunner.java:437)
at org.testng.SuiteRunner.privateRun(SuiteRunner.java:397)
at org.testng.SuiteRunner.run(SuiteRunner.java:336)
at org.testng.SuiteRunnerWorker.runSuite(SuiteRunnerWorker.java:52)
at org.testng.SuiteRunnerWorker.run(SuiteRunnerWorker.java:95)
at org.testng.TestNG.runSuitesSequentially(TestNG.java:1280)
at org.testng.TestNG.runSuitesLocally(TestNG.java:1200)
at org.testng.TestNG.runSuites(TestNG.java:1114)
at org.testng.TestNG.run(TestNG.java:1082)
at org.testng.remote.AbstractRemoteTestNG.run(AbstractRemoteTestNG.java:115)
at org.testng.remote.RemoteTestNG.initAndRun(RemoteTestNG.java:251)
at org.testng.remote.RemoteTestNG.main(RemoteTestNG.java:77)
]]>
            </full-stacktrace>
          </exception> <!-- java.lang.AssertionError -->
          <reporter-output>
          </reporter-output>
        </test-method> <!-- loginDDT -->
        <test-method signature="loginDDT(java.lang.String,java.lang.String)[pri:0, instance:com.guruBanking.testcases.TC_LogingDDT_002@2bef51f2]" started-at="2023-12-02T16:11:50 IST" name="loginDDT" data-provider="loginData" finished-at="2023-12-02T16:12:00 IST" duration-ms="10263" status="FAIL">
          <params>
            <param index="0">
              <value>
                <![CDATA[mngr540843]]>
              </value>
            </param>
            <param index="1">
              <value>
                <![CDATA[Ep12jEta]]>
              </value>
            </param>
          </params>
          <exception class="java.lang.AssertionError">
            <message>
              <![CDATA[expected [true] but found [false]]]>
            </message>
            <full-stacktrace>
              <![CDATA[java.lang.AssertionError: expected [true] but found [false]
at org.testng.Assert.fail(Assert.java:111)
at org.testng.Assert.failNotEquals(Assert.java:1578)
at org.testng.Assert.assertTrue(Assert.java:57)
at org.testng.Assert.assertTrue(Assert.java:67)
at com.guruBanking.testcases.TC_LogingDDT_002.loginDDT(TC_LogingDDT_002.java:28)
at java.base/jdk.internal.reflect.NativeMethodAccessorImpl.invoke0(Native Method)
at java.base/jdk.internal.reflect.NativeMethodAccessorImpl.invoke(NativeMethodAccessorImpl.java:77)
at java.base/jdk.internal.reflect.DelegatingMethodAccessorImpl.invoke(DelegatingMethodAccessorImpl.java:43)
at java.base/java.lang.reflect.Method.invoke(Method.java:568)
at org.testng.internal.invokers.MethodInvocationHelper.invokeMethod(MethodInvocationHelper.java:139)
at org.testng.internal.invokers.TestInvoker.invokeMethod(TestInvoker.java:664)
at org.testng.internal.invokers.TestInvoker.invokeTestMethod(TestInvoker.java:227)
at org.testng.internal.invokers.MethodRunner.runInSequence(MethodRunner.java:50)
at org.testng.internal.invokers.TestInvoker$MethodInvocationAgent.invoke(TestInvoker.java:957)
at org.testng.internal.invokers.TestInvoker.invokeTestMethods(TestInvoker.java:200)
at org.testng.internal.invokers.TestMethodWorker.invokeTestMethods(TestMethodWorker.java:148)
at org.testng.internal.invokers.TestMethodWorker.run(TestMethodWorker.java:128)
at java.base/java.util.ArrayList.forEach(ArrayList.java:1511)
at org.testng.TestRunner.privateRun(TestRunner.java:848)
at org.testng.TestRunner.run(TestRunner.java:621)
at org.testng.SuiteRunner.runTest(SuiteRunner.java:443)
at org.testng.SuiteRunner.runSequentially(SuiteRunner.java:437)
at org.testng.SuiteRunner.privateRun(SuiteRunner.java:397)
at org.testng.SuiteRunner.run(SuiteRunner.java:336)
at org.testng.SuiteRunnerWorker.runSuite(SuiteRunnerWorker.java:52)
at org.testng.SuiteRunnerWorker.run(SuiteRunnerWorker.java:95)
at org.testng.TestNG.runSuitesSequentially(TestNG.java:1280)
at org.testng.TestNG.runSuitesLocally(TestNG.java:1200)
at org.testng.TestNG.runSuites(TestNG.java:1114)
at org.testng.TestNG.run(TestNG.java:1082)
at org.testng.remote.AbstractRemoteTestNG.run(AbstractRemoteTestNG.java:115)
at org.testng.remote.RemoteTestNG.initAndRun(RemoteTestNG.java:251)
at org.testng.remote.RemoteTestNG.main(RemoteTestNG.java:77)
]]>
            </full-stacktrace>
          </exception> <!-- java.lang.AssertionError -->
          <reporter-output>
          </reporter-output>
        </test-method> <!-- loginDDT -->
        <test-method signature="loginDDT(java.lang.String,java.lang.String)[pri:0, instance:com.guruBanking.testcases.TC_LogingDDT_002@2bef51f2]" started-at="2023-12-02T16:12:00 IST" name="loginDDT" data-provider="loginData" finished-at="2023-12-02T16:13:44 IST" duration-ms="103836" status="PASS">
          <params>
            <param index="0">
              <value>
                <![CDATA[mngr540843]]>
              </value>
            </param>
            <param index="1">
              <value>
                <![CDATA[EpYjEta]]>
              </value>
            </param>
          </params>
          <reporter-output>
          </reporter-output>
        </test-method> <!-- loginDDT -->
        <test-method is-config="true" signature="teardown()[pri:0, instance:com.guruBanking.testcases.TC_LogingDDT_002@2bef51f2]" started-at="2023-12-02T16:13:44 IST" name="teardown" finished-at="2023-12-02T16:13:46 IST" duration-ms="1753" status="PASS">
          <reporter-output>
          </reporter-output>
        </test-method> <!-- teardown -->
      </class> <!-- com.guruBanking.testcases.TC_LogingDDT_002 -->
      <class name="com.guruBanking.testcases.TC_LoginTest_001">
        <test-method is-config="true" signature="setup(java.lang.String)[pri:0, instance:com.guruBanking.testcases.TC_LoginTest_001@239b0f9d]" started-at="2023-12-02T16:03:45 IST" name="setup" finished-at="2023-12-02T16:04:58 IST" duration-ms="73594" status="PASS">
          <params>
            <param index="0">
              <value>
                <![CDATA[chrome]]>
              </value>
            </param>
          </params>
          <reporter-output>
          </reporter-output>
        </test-method> <!-- setup -->
        <test-method signature="loginTest()[pri:0, instance:com.guruBanking.testcases.TC_LoginTest_001@239b0f9d]" started-at="2023-12-02T16:04:58 IST" name="loginTest" finished-at="2023-12-02T16:05:17 IST" duration-ms="18576" status="PASS">
          <reporter-output>
          </reporter-output>
        </test-method> <!-- loginTest -->
        <test-method is-config="true" signature="teardown()[pri:0, instance:com.guruBanking.testcases.TC_LoginTest_001@239b0f9d]" started-at="2023-12-02T16:05:17 IST" name="teardown" finished-at="2023-12-02T16:05:19 IST" duration-ms="2179" status="PASS">
          <reporter-output>
          </reporter-output>
        </test-method> <!-- teardown -->
      </class> <!-- com.guruBanking.testcases.TC_LoginTest_001 -->
    </test> <!-- BankingApp Test -->
  </suite> <!-- GuruBankV1 -->
</testng-results>
